{"C:\\msys64\\home\\okpal\\My Projects\\gufn\\gufn-onboarding\\draft-components\\src\\NoisyModal\\NoisyModal.jsx": {"path":"C:\\msys64\\home\\okpal\\My Projects\\gufn\\gufn-onboarding\\draft-components\\src\\NoisyModal\\NoisyModal.jsx","statementMap":{},"fnMap":{},"branchMap":{},"s":{},"f":{},"b":{}}
,"C:\\msys64\\home\\okpal\\My Projects\\gufn\\gufn-onboarding\\draft-components\\src\\NoisyModal\\index.js": {"path":"C:\\msys64\\home\\okpal\\My Projects\\gufn\\gufn-onboarding\\draft-components\\src\\NoisyModal\\index.js","statementMap":{},"fnMap":{},"branchMap":{},"s":{},"f":{},"b":{}}
,"C:\\msys64\\home\\okpal\\My Projects\\gufn\\gufn-onboarding\\draft-components\\src\\NoisyNotification\\NoisyNotification.jsx": {"path":"C:\\msys64\\home\\okpal\\My Projects\\gufn\\gufn-onboarding\\draft-components\\src\\NoisyNotification\\NoisyNotification.jsx","statementMap":{"0":{"start":{"line":4,"column":8},"end":{"line":4,"column":16}},"1":{"start":{"line":5,"column":8},"end":{"line":5,"column":44}},"2":{"start":{"line":6,"column":8},"end":{"line":6,"column":28}},"3":{"start":{"line":7,"column":8},"end":{"line":7,"column":33}},"4":{"start":{"line":8,"column":8},"end":{"line":8,"column":26}},"5":{"start":{"line":9,"column":8},"end":{"line":9,"column":30}},"6":{"start":{"line":10,"column":8},"end":{"line":10,"column":32}},"7":{"start":{"line":11,"column":8},"end":{"line":11,"column":36}},"8":{"start":{"line":15,"column":8},"end":{"line":15,"column":45}},"9":{"start":{"line":19,"column":8},"end":{"line":25,"column":9}},"10":{"start":{"line":20,"column":12},"end":{"line":20,"column":31}},"11":{"start":{"line":21,"column":15},"end":{"line":25,"column":9}},"12":{"start":{"line":22,"column":12},"end":{"line":22,"column":30}},"13":{"start":{"line":23,"column":15},"end":{"line":25,"column":9}},"14":{"start":{"line":24,"column":12},"end":{"line":24,"column":34}},"15":{"start":{"line":29,"column":8},"end":{"line":29,"column":36}},"16":{"start":{"line":30,"column":8},"end":{"line":33,"column":11}},"17":{"start":{"line":31,"column":12},"end":{"line":31,"column":30}},"18":{"start":{"line":32,"column":12},"end":{"line":32,"column":37}},"19":{"start":{"line":37,"column":8},"end":{"line":37,"column":26}},"20":{"start":{"line":38,"column":8},"end":{"line":38,"column":36}},"21":{"start":{"line":42,"column":25},"end":{"line":42,"column":69}},"22":{"start":{"line":43,"column":25},"end":{"line":43,"column":46}},"23":{"start":{"line":44,"column":8},"end":{"line":44,"column":45}},"24":{"start":{"line":45,"column":8},"end":{"line":45,"column":25}},"25":{"start":{"line":49,"column":8},"end":{"line":55,"column":15}},"26":{"start":{"line":50,"column":30},"end":{"line":50,"column":45}},"27":{"start":{"line":52,"column":30},"end":{"line":52,"column":61}},"28":{"start":{"line":53,"column":16},"end":{"line":53,"column":40}},"29":{"start":{"line":54,"column":16},"end":{"line":54,"column":51}},"30":{"start":{"line":59,"column":28},"end":{"line":59,"column":74}},"31":{"start":{"line":60,"column":29},"end":{"line":60,"column":76}},"32":{"start":{"line":62,"column":8},"end":{"line":62,"column":73}},"33":{"start":{"line":62,"column":52},"end":{"line":62,"column":71}},"34":{"start":{"line":63,"column":8},"end":{"line":63,"column":74}},"35":{"start":{"line":63,"column":53},"end":{"line":63,"column":72}},"36":{"start":{"line":64,"column":8},"end":{"line":64,"column":68}},"37":{"start":{"line":64,"column":49},"end":{"line":64,"column":66}},"38":{"start":{"line":65,"column":8},"end":{"line":65,"column":70}},"39":{"start":{"line":65,"column":50},"end":{"line":65,"column":68}},"40":{"start":{"line":66,"column":8},"end":{"line":66,"column":69}},"41":{"start":{"line":66,"column":50},"end":{"line":66,"column":67}},"42":{"start":{"line":67,"column":8},"end":{"line":67,"column":68}},"43":{"start":{"line":67,"column":48},"end":{"line":67,"column":66}},"44":{"start":{"line":71,"column":28},"end":{"line":71,"column":74}},"45":{"start":{"line":72,"column":29},"end":{"line":72,"column":76}},"46":{"start":{"line":74,"column":8},"end":{"line":74,"column":68}},"47":{"start":{"line":75,"column":8},"end":{"line":75,"column":69}},"48":{"start":{"line":76,"column":8},"end":{"line":76,"column":63}},"49":{"start":{"line":77,"column":8},"end":{"line":77,"column":65}},"50":{"start":{"line":78,"column":8},"end":{"line":78,"column":64}},"51":{"start":{"line":79,"column":8},"end":{"line":79,"column":63}},"52":{"start":{"line":83,"column":23},"end":{"line":83,"column":55}},"53":{"start":{"line":84,"column":20},"end":{"line":84,"column":43}},"54":{"start":{"line":85,"column":22},"end":{"line":85,"column":25}},"55":{"start":{"line":86,"column":23},"end":{"line":86,"column":26}},"56":{"start":{"line":87,"column":8},"end":{"line":87,"column":29}},"57":{"start":{"line":88,"column":8},"end":{"line":88,"column":31}},"58":{"start":{"line":91,"column":24},"end":{"line":91,"column":28}},"59":{"start":{"line":92,"column":12},"end":{"line":95,"column":14}},"60":{"start":{"line":93,"column":16},"end":{"line":93,"column":56}},"61":{"start":{"line":94,"column":16},"end":{"line":94,"column":38}},"62":{"start":{"line":99,"column":30},"end":{"line":99,"column":64}},"63":{"start":{"line":100,"column":25},"end":{"line":100,"column":39}},"64":{"start":{"line":101,"column":27},"end":{"line":101,"column":37}},"65":{"start":{"line":103,"column":12},"end":{"line":109,"column":13}},"66":{"start":{"line":103,"column":25},"end":{"line":103,"column":26}},"67":{"start":{"line":104,"column":30},"end":{"line":104,"column":56}},"68":{"start":{"line":105,"column":16},"end":{"line":105,"column":32}},"69":{"start":{"line":106,"column":16},"end":{"line":106,"column":36}},"70":{"start":{"line":107,"column":16},"end":{"line":107,"column":36}},"71":{"start":{"line":108,"column":16},"end":{"line":108,"column":33}},"72":{"start":{"line":111,"column":12},"end":{"line":111,"column":46}},"73":{"start":{"line":114,"column":8},"end":{"line":114,"column":46}},"74":{"start":{"line":115,"column":8},"end":{"line":115,"column":47}},"75":{"start":{"line":116,"column":8},"end":{"line":116,"column":100}},"76":{"start":{"line":120,"column":8},"end":{"line":124,"column":9}},"77":{"start":{"line":121,"column":12},"end":{"line":121,"column":30}},"78":{"start":{"line":122,"column":12},"end":{"line":122,"column":40}},"79":{"start":{"line":123,"column":12},"end":{"line":123,"column":78}},"80":{"start":{"line":123,"column":42},"end":{"line":123,"column":61}},"81":{"start":{"line":128,"column":8},"end":{"line":131,"column":9}},"82":{"start":{"line":129,"column":12},"end":{"line":129,"column":37}},"83":{"start":{"line":130,"column":12},"end":{"line":130,"column":30}},"84":{"start":{"line":135,"column":8},"end":{"line":138,"column":9}},"85":{"start":{"line":136,"column":12},"end":{"line":136,"column":33}},"86":{"start":{"line":137,"column":12},"end":{"line":137,"column":30}},"87":{"start":{"line":142,"column":8},"end":{"line":145,"column":9}},"88":{"start":{"line":143,"column":12},"end":{"line":143,"column":34}},"89":{"start":{"line":144,"column":12},"end":{"line":144,"column":30}},"90":{"start":{"line":149,"column":8},"end":{"line":149,"column":26}},"91":{"start":{"line":150,"column":8},"end":{"line":150,"column":57}},"92":{"start":{"line":151,"column":8},"end":{"line":151,"column":22}},"93":{"start":{"line":155,"column":8},"end":{"line":155,"column":43}},"94":{"start":{"line":156,"column":8},"end":{"line":156,"column":105}},"95":{"start":{"line":157,"column":8},"end":{"line":157,"column":62}},"96":{"start":{"line":161,"column":8},"end":{"line":161,"column":59}},"97":{"start":{"line":165,"column":8},"end":{"line":165,"column":59}},"98":{"start":{"line":169,"column":8},"end":{"line":169,"column":26}},"99":{"start":{"line":170,"column":8},"end":{"line":170,"column":26}},"100":{"start":{"line":174,"column":25},"end":{"line":179,"column":9}},"101":{"start":{"line":181,"column":20},"end":{"line":181,"column":66}},"102":{"start":{"line":182,"column":8},"end":{"line":182,"column":79}},"103":{"start":{"line":186,"column":22},"end":{"line":191,"column":9}},"104":{"start":{"line":193,"column":8},"end":{"line":193,"column":45}},"105":{"start":{"line":197,"column":8},"end":{"line":197,"column":83}},"106":{"start":{"line":201,"column":8},"end":{"line":201,"column":63}},"107":{"start":{"line":205,"column":0},"end":{"line":205,"column":63}},"108":{"start":{"line":207,"column":0},"end":{"line":207,"column":35}}},"fnMap":{"0":{"name":"(anonymous_0)","decl":{"start":{"line":3,"column":4},"end":{"line":3,"column":5}},"loc":{"start":{"line":3,"column":18},"end":{"line":12,"column":5}},"line":3},"1":{"name":"(anonymous_1)","decl":{"start":{"line":14,"column":4},"end":{"line":14,"column":5}},"loc":{"start":{"line":14,"column":36},"end":{"line":16,"column":5}},"line":14},"2":{"name":"(anonymous_2)","decl":{"start":{"line":18,"column":4},"end":{"line":18,"column":5}},"loc":{"start":{"line":18,"column":55},"end":{"line":26,"column":5}},"line":18},"3":{"name":"(anonymous_3)","decl":{"start":{"line":28,"column":4},"end":{"line":28,"column":5}},"loc":{"start":{"line":28,"column":24},"end":{"line":34,"column":5}},"line":28},"4":{"name":"(anonymous_4)","decl":{"start":{"line":30,"column":33},"end":{"line":30,"column":34}},"loc":{"start":{"line":30,"column":39},"end":{"line":33,"column":9}},"line":30},"5":{"name":"(anonymous_5)","decl":{"start":{"line":36,"column":4},"end":{"line":36,"column":5}},"loc":{"start":{"line":36,"column":27},"end":{"line":39,"column":5}},"line":36},"6":{"name":"(anonymous_6)","decl":{"start":{"line":41,"column":4},"end":{"line":41,"column":5}},"loc":{"start":{"line":41,"column":25},"end":{"line":46,"column":5}},"line":41},"7":{"name":"(anonymous_7)","decl":{"start":{"line":48,"column":4},"end":{"line":48,"column":5}},"loc":{"start":{"line":48,"column":16},"end":{"line":56,"column":5}},"line":48},"8":{"name":"(anonymous_8)","decl":{"start":{"line":50,"column":18},"end":{"line":50,"column":19}},"loc":{"start":{"line":50,"column":30},"end":{"line":50,"column":45}},"line":50},"9":{"name":"(anonymous_9)","decl":{"start":{"line":51,"column":18},"end":{"line":51,"column":19}},"loc":{"start":{"line":51,"column":25},"end":{"line":55,"column":13}},"line":51},"10":{"name":"(anonymous_10)","decl":{"start":{"line":58,"column":4},"end":{"line":58,"column":5}},"loc":{"start":{"line":58,"column":24},"end":{"line":68,"column":5}},"line":58},"11":{"name":"(anonymous_11)","decl":{"start":{"line":62,"column":46},"end":{"line":62,"column":47}},"loc":{"start":{"line":62,"column":52},"end":{"line":62,"column":71}},"line":62},"12":{"name":"(anonymous_12)","decl":{"start":{"line":63,"column":47},"end":{"line":63,"column":48}},"loc":{"start":{"line":63,"column":53},"end":{"line":63,"column":72}},"line":63},"13":{"name":"(anonymous_13)","decl":{"start":{"line":64,"column":43},"end":{"line":64,"column":44}},"loc":{"start":{"line":64,"column":49},"end":{"line":64,"column":66}},"line":64},"14":{"name":"(anonymous_14)","decl":{"start":{"line":65,"column":44},"end":{"line":65,"column":45}},"loc":{"start":{"line":65,"column":50},"end":{"line":65,"column":68}},"line":65},"15":{"name":"(anonymous_15)","decl":{"start":{"line":66,"column":44},"end":{"line":66,"column":45}},"loc":{"start":{"line":66,"column":50},"end":{"line":66,"column":67}},"line":66},"16":{"name":"(anonymous_16)","decl":{"start":{"line":67,"column":42},"end":{"line":67,"column":43}},"loc":{"start":{"line":67,"column":48},"end":{"line":67,"column":66}},"line":67},"17":{"name":"(anonymous_17)","decl":{"start":{"line":70,"column":4},"end":{"line":70,"column":5}},"loc":{"start":{"line":70,"column":27},"end":{"line":80,"column":5}},"line":70},"18":{"name":"(anonymous_18)","decl":{"start":{"line":82,"column":4},"end":{"line":82,"column":5}},"loc":{"start":{"line":82,"column":27},"end":{"line":117,"column":5}},"line":82},"19":{"name":"prng","decl":{"start":{"line":90,"column":17},"end":{"line":90,"column":21}},"loc":{"start":{"line":90,"column":28},"end":{"line":96,"column":9}},"line":90},"20":{"name":"(anonymous_20)","decl":{"start":{"line":92,"column":19},"end":{"line":92,"column":20}},"loc":{"start":{"line":92,"column":31},"end":{"line":95,"column":13}},"line":92},"21":{"name":"generateNoise","decl":{"start":{"line":98,"column":17},"end":{"line":98,"column":30}},"loc":{"start":{"line":98,"column":57},"end":{"line":112,"column":9}},"line":98},"22":{"name":"(anonymous_22)","decl":{"start":{"line":119,"column":4},"end":{"line":119,"column":5}},"loc":{"start":{"line":119,"column":17},"end":{"line":125,"column":5}},"line":119},"23":{"name":"(anonymous_23)","decl":{"start":{"line":123,"column":36},"end":{"line":123,"column":37}},"loc":{"start":{"line":123,"column":42},"end":{"line":123,"column":61}},"line":123},"24":{"name":"(anonymous_24)","decl":{"start":{"line":127,"column":4},"end":{"line":127,"column":5}},"loc":{"start":{"line":127,"column":17},"end":{"line":132,"column":5}},"line":127},"25":{"name":"(anonymous_25)","decl":{"start":{"line":134,"column":4},"end":{"line":134,"column":5}},"loc":{"start":{"line":134,"column":17},"end":{"line":139,"column":5}},"line":134},"26":{"name":"(anonymous_26)","decl":{"start":{"line":141,"column":4},"end":{"line":141,"column":5}},"loc":{"start":{"line":141,"column":18},"end":{"line":146,"column":5}},"line":141},"27":{"name":"(anonymous_27)","decl":{"start":{"line":148,"column":4},"end":{"line":148,"column":5}},"loc":{"start":{"line":148,"column":19},"end":{"line":152,"column":5}},"line":148},"28":{"name":"(anonymous_28)","decl":{"start":{"line":154,"column":4},"end":{"line":154,"column":5}},"loc":{"start":{"line":154,"column":19},"end":{"line":158,"column":5}},"line":154},"29":{"name":"(anonymous_29)","decl":{"start":{"line":160,"column":4},"end":{"line":160,"column":5}},"loc":{"start":{"line":160,"column":18},"end":{"line":162,"column":5}},"line":160},"30":{"name":"(anonymous_30)","decl":{"start":{"line":164,"column":4},"end":{"line":164,"column":5}},"loc":{"start":{"line":164,"column":17},"end":{"line":166,"column":5}},"line":164},"31":{"name":"(anonymous_31)","decl":{"start":{"line":168,"column":4},"end":{"line":168,"column":5}},"loc":{"start":{"line":168,"column":21},"end":{"line":171,"column":5}},"line":168},"32":{"name":"(anonymous_32)","decl":{"start":{"line":173,"column":4},"end":{"line":173,"column":5}},"loc":{"start":{"line":173,"column":21},"end":{"line":183,"column":5}},"line":173},"33":{"name":"(anonymous_33)","decl":{"start":{"line":185,"column":4},"end":{"line":185,"column":5}},"loc":{"start":{"line":185,"column":32},"end":{"line":194,"column":5}},"line":185},"34":{"name":"(anonymous_34)","decl":{"start":{"line":196,"column":4},"end":{"line":196,"column":5}},"loc":{"start":{"line":196,"column":24},"end":{"line":198,"column":5}},"line":196},"35":{"name":"(anonymous_35)","decl":{"start":{"line":200,"column":4},"end":{"line":200,"column":5}},"loc":{"start":{"line":200,"column":19},"end":{"line":202,"column":5}},"line":200}},"branchMap":{"0":{"loc":{"start":{"line":19,"column":8},"end":{"line":25,"column":9}},"type":"if","locations":[{"start":{"line":19,"column":8},"end":{"line":25,"column":9}},{"start":{"line":21,"column":15},"end":{"line":25,"column":9}}],"line":19},"1":{"loc":{"start":{"line":21,"column":15},"end":{"line":25,"column":9}},"type":"if","locations":[{"start":{"line":21,"column":15},"end":{"line":25,"column":9}},{"start":{"line":23,"column":15},"end":{"line":25,"column":9}}],"line":21},"2":{"loc":{"start":{"line":23,"column":15},"end":{"line":25,"column":9}},"type":"if","locations":[{"start":{"line":23,"column":15},"end":{"line":25,"column":9}},{"start":{},"end":{}}],"line":23},"3":{"loc":{"start":{"line":120,"column":8},"end":{"line":124,"column":9}},"type":"if","locations":[{"start":{"line":120,"column":8},"end":{"line":124,"column":9}},{"start":{},"end":{}}],"line":120},"4":{"loc":{"start":{"line":128,"column":8},"end":{"line":131,"column":9}},"type":"if","locations":[{"start":{"line":128,"column":8},"end":{"line":131,"column":9}},{"start":{},"end":{}}],"line":128},"5":{"loc":{"start":{"line":135,"column":8},"end":{"line":138,"column":9}},"type":"if","locations":[{"start":{"line":135,"column":8},"end":{"line":138,"column":9}},{"start":{},"end":{}}],"line":135},"6":{"loc":{"start":{"line":135,"column":12},"end":{"line":135,"column":48}},"type":"binary-expr","locations":[{"start":{"line":135,"column":12},"end":{"line":135,"column":30}},{"start":{"line":135,"column":34},"end":{"line":135,"column":48}}],"line":135},"7":{"loc":{"start":{"line":142,"column":8},"end":{"line":145,"column":9}},"type":"if","locations":[{"start":{"line":142,"column":8},"end":{"line":145,"column":9}},{"start":{},"end":{}}],"line":142},"8":{"loc":{"start":{"line":142,"column":12},"end":{"line":142,"column":47}},"type":"binary-expr","locations":[{"start":{"line":142,"column":12},"end":{"line":142,"column":30}},{"start":{"line":142,"column":34},"end":{"line":142,"column":47}}],"line":142},"9":{"loc":{"start":{"line":156,"column":75},"end":{"line":156,"column":104}},"type":"cond-expr","locations":[{"start":{"line":156,"column":93},"end":{"line":156,"column":97}},{"start":{"line":156,"column":100},"end":{"line":156,"column":104}}],"line":156},"10":{"loc":{"start":{"line":157,"column":28},"end":{"line":157,"column":61}},"type":"cond-expr","locations":[{"start":{"line":157,"column":46},"end":{"line":157,"column":52}},{"start":{"line":157,"column":55},"end":{"line":157,"column":61}}],"line":157},"11":{"loc":{"start":{"line":181,"column":20},"end":{"line":181,"column":66}},"type":"binary-expr","locations":[{"start":{"line":181,"column":20},"end":{"line":181,"column":56}},{"start":{"line":181,"column":60},"end":{"line":181,"column":66}}],"line":181},"12":{"loc":{"start":{"line":182,"column":37},"end":{"line":182,"column":77}},"type":"binary-expr","locations":[{"start":{"line":182,"column":37},"end":{"line":182,"column":72}},{"start":{"line":182,"column":76},"end":{"line":182,"column":77}}],"line":182},"13":{"loc":{"start":{"line":201,"column":15},"end":{"line":201,"column":62}},"type":"binary-expr","locations":[{"start":{"line":201,"column":15},"end":{"line":201,"column":54}},{"start":{"line":201,"column":58},"end":{"line":201,"column":62}}],"line":201}},"s":{"0":0,"1":0,"2":0,"3":0,"4":0,"5":0,"6":0,"7":0,"8":1,"9":0,"10":0,"11":0,"12":0,"13":0,"14":0,"15":0,"16":0,"17":0,"18":0,"19":0,"20":0,"21":0,"22":0,"23":0,"24":0,"25":0,"26":0,"27":0,"28":0,"29":0,"30":0,"31":0,"32":0,"33":0,"34":0,"35":0,"36":0,"37":0,"38":0,"39":0,"40":0,"41":0,"42":0,"43":0,"44":0,"45":0,"46":0,"47":0,"48":0,"49":0,"50":0,"51":0,"52":0,"53":0,"54":0,"55":0,"56":0,"57":0,"58":0,"59":0,"60":0,"61":0,"62":0,"63":0,"64":0,"65":0,"66":0,"67":0,"68":0,"69":0,"70":0,"71":0,"72":0,"73":0,"74":0,"75":0,"76":0,"77":0,"78":0,"79":0,"80":0,"81":0,"82":0,"83":0,"84":0,"85":0,"86":0,"87":0,"88":0,"89":0,"90":0,"91":0,"92":0,"93":0,"94":0,"95":0,"96":0,"97":0,"98":0,"99":0,"100":0,"101":0,"102":0,"103":0,"104":0,"105":0,"106":0,"107":1,"108":1},"f":{"0":0,"1":1,"2":0,"3":0,"4":0,"5":0,"6":0,"7":0,"8":0,"9":0,"10":0,"11":0,"12":0,"13":0,"14":0,"15":0,"16":0,"17":0,"18":0,"19":0,"20":0,"21":0,"22":0,"23":0,"24":0,"25":0,"26":0,"27":0,"28":0,"29":0,"30":0,"31":0,"32":0,"33":0,"34":0,"35":0},"b":{"0":[0,0],"1":[0,0],"2":[0,0],"3":[0,0],"4":[0,0],"5":[0,0],"6":[0,0],"7":[0,0],"8":[0,0],"9":[0,0],"10":[0,0],"11":[0,0],"12":[0,0],"13":[0,0]},"_coverageSchema":"1a1c01bbd47fc00a2c39e90264f33305004495a9","hash":"11b966ade2eaf8594af5202473099a7d04882974"}
,"C:\\msys64\\home\\okpal\\My Projects\\gufn\\gufn-onboarding\\draft-components\\src\\NoisyNotification\\index.js": {"path":"C:\\msys64\\home\\okpal\\My Projects\\gufn\\gufn-onboarding\\draft-components\\src\\NoisyNotification\\index.js","statementMap":{"0":{"start":{"line":1,"column":0},"end":{"line":1,"column":51}}},"fnMap":{},"branchMap":{},"s":{"0":1},"f":{},"b":{},"_coverageSchema":"1a1c01bbd47fc00a2c39e90264f33305004495a9","hash":"d5d2d1fe2659ad60a34b4cae84d8d0e8fb6a2abc"}
}
