{"C:\\msys64\\home\\okpal\\My Projects\\gufn\\gufn-onboarding\\draft-components\\src\\NoisyNotification\\NoisyNotification.js": {"path":"C:\\msys64\\home\\okpal\\My Projects\\gufn\\gufn-onboarding\\draft-components\\src\\NoisyNotification\\NoisyNotification.js","statementMap":{"0":{"start":{"line":3,"column":8},"end":{"line":3,"column":16}},"1":{"start":{"line":4,"column":8},"end":{"line":4,"column":44}},"2":{"start":{"line":5,"column":8},"end":{"line":5,"column":28}},"3":{"start":{"line":6,"column":8},"end":{"line":6,"column":33}},"4":{"start":{"line":7,"column":8},"end":{"line":7,"column":26}},"5":{"start":{"line":8,"column":8},"end":{"line":8,"column":30}},"6":{"start":{"line":9,"column":8},"end":{"line":9,"column":32}},"7":{"start":{"line":10,"column":8},"end":{"line":10,"column":36}},"8":{"start":{"line":14,"column":8},"end":{"line":14,"column":45}},"9":{"start":{"line":18,"column":8},"end":{"line":24,"column":9}},"10":{"start":{"line":19,"column":12},"end":{"line":19,"column":31}},"11":{"start":{"line":20,"column":15},"end":{"line":24,"column":9}},"12":{"start":{"line":21,"column":12},"end":{"line":21,"column":30}},"13":{"start":{"line":22,"column":15},"end":{"line":24,"column":9}},"14":{"start":{"line":23,"column":12},"end":{"line":23,"column":34}},"15":{"start":{"line":27,"column":8},"end":{"line":27,"column":36}},"16":{"start":{"line":28,"column":8},"end":{"line":31,"column":11}},"17":{"start":{"line":29,"column":12},"end":{"line":29,"column":30}},"18":{"start":{"line":30,"column":12},"end":{"line":30,"column":37}},"19":{"start":{"line":36,"column":8},"end":{"line":36,"column":26}},"20":{"start":{"line":37,"column":8},"end":{"line":37,"column":36}},"21":{"start":{"line":41,"column":25},"end":{"line":41,"column":69}},"22":{"start":{"line":42,"column":25},"end":{"line":42,"column":46}},"23":{"start":{"line":43,"column":8},"end":{"line":43,"column":45}},"24":{"start":{"line":44,"column":8},"end":{"line":44,"column":25}},"25":{"start":{"line":48,"column":8},"end":{"line":54,"column":15}},"26":{"start":{"line":49,"column":30},"end":{"line":49,"column":45}},"27":{"start":{"line":51,"column":30},"end":{"line":51,"column":61}},"28":{"start":{"line":52,"column":16},"end":{"line":52,"column":40}},"29":{"start":{"line":53,"column":16},"end":{"line":53,"column":51}},"30":{"start":{"line":57,"column":28},"end":{"line":57,"column":74}},"31":{"start":{"line":58,"column":29},"end":{"line":58,"column":76}},"32":{"start":{"line":60,"column":8},"end":{"line":60,"column":73}},"33":{"start":{"line":60,"column":52},"end":{"line":60,"column":71}},"34":{"start":{"line":61,"column":8},"end":{"line":61,"column":74}},"35":{"start":{"line":61,"column":53},"end":{"line":61,"column":72}},"36":{"start":{"line":62,"column":8},"end":{"line":62,"column":68}},"37":{"start":{"line":62,"column":49},"end":{"line":62,"column":66}},"38":{"start":{"line":63,"column":8},"end":{"line":63,"column":70}},"39":{"start":{"line":63,"column":50},"end":{"line":63,"column":68}},"40":{"start":{"line":64,"column":8},"end":{"line":64,"column":69}},"41":{"start":{"line":64,"column":50},"end":{"line":64,"column":67}},"42":{"start":{"line":65,"column":8},"end":{"line":65,"column":68}},"43":{"start":{"line":65,"column":48},"end":{"line":65,"column":66}},"44":{"start":{"line":69,"column":28},"end":{"line":69,"column":74}},"45":{"start":{"line":70,"column":29},"end":{"line":70,"column":76}},"46":{"start":{"line":72,"column":8},"end":{"line":72,"column":68}},"47":{"start":{"line":73,"column":8},"end":{"line":73,"column":69}},"48":{"start":{"line":74,"column":8},"end":{"line":74,"column":63}},"49":{"start":{"line":75,"column":8},"end":{"line":75,"column":65}},"50":{"start":{"line":76,"column":8},"end":{"line":76,"column":64}},"51":{"start":{"line":77,"column":8},"end":{"line":77,"column":63}},"52":{"start":{"line":82,"column":23},"end":{"line":82,"column":55}},"53":{"start":{"line":83,"column":20},"end":{"line":83,"column":43}},"54":{"start":{"line":84,"column":22},"end":{"line":84,"column":25}},"55":{"start":{"line":85,"column":23},"end":{"line":85,"column":26}},"56":{"start":{"line":86,"column":8},"end":{"line":86,"column":29}},"57":{"start":{"line":87,"column":8},"end":{"line":87,"column":31}},"58":{"start":{"line":90,"column":24},"end":{"line":90,"column":28}},"59":{"start":{"line":91,"column":12},"end":{"line":94,"column":14}},"60":{"start":{"line":92,"column":16},"end":{"line":92,"column":56}},"61":{"start":{"line":93,"column":16},"end":{"line":93,"column":38}},"62":{"start":{"line":98,"column":30},"end":{"line":98,"column":64}},"63":{"start":{"line":99,"column":25},"end":{"line":99,"column":39}},"64":{"start":{"line":100,"column":27},"end":{"line":100,"column":37}},"65":{"start":{"line":102,"column":12},"end":{"line":108,"column":13}},"66":{"start":{"line":102,"column":25},"end":{"line":102,"column":26}},"67":{"start":{"line":103,"column":30},"end":{"line":103,"column":56}},"68":{"start":{"line":104,"column":16},"end":{"line":104,"column":32}},"69":{"start":{"line":105,"column":16},"end":{"line":105,"column":36}},"70":{"start":{"line":106,"column":16},"end":{"line":106,"column":36}},"71":{"start":{"line":107,"column":16},"end":{"line":107,"column":33}},"72":{"start":{"line":110,"column":12},"end":{"line":110,"column":46}},"73":{"start":{"line":113,"column":8},"end":{"line":113,"column":46}},"74":{"start":{"line":114,"column":8},"end":{"line":114,"column":47}},"75":{"start":{"line":115,"column":8},"end":{"line":115,"column":100}},"76":{"start":{"line":119,"column":8},"end":{"line":123,"column":9}},"77":{"start":{"line":120,"column":12},"end":{"line":120,"column":30}},"78":{"start":{"line":121,"column":12},"end":{"line":121,"column":40}},"79":{"start":{"line":122,"column":12},"end":{"line":122,"column":78}},"80":{"start":{"line":122,"column":42},"end":{"line":122,"column":61}},"81":{"start":{"line":127,"column":8},"end":{"line":130,"column":9}},"82":{"start":{"line":128,"column":12},"end":{"line":128,"column":37}},"83":{"start":{"line":129,"column":12},"end":{"line":129,"column":30}},"84":{"start":{"line":134,"column":8},"end":{"line":137,"column":9}},"85":{"start":{"line":135,"column":12},"end":{"line":135,"column":33}},"86":{"start":{"line":136,"column":12},"end":{"line":136,"column":30}},"87":{"start":{"line":141,"column":8},"end":{"line":144,"column":9}},"88":{"start":{"line":142,"column":12},"end":{"line":142,"column":34}},"89":{"start":{"line":143,"column":12},"end":{"line":143,"column":30}},"90":{"start":{"line":148,"column":8},"end":{"line":148,"column":26}},"91":{"start":{"line":149,"column":8},"end":{"line":149,"column":57}},"92":{"start":{"line":153,"column":8},"end":{"line":153,"column":43}},"93":{"start":{"line":154,"column":8},"end":{"line":154,"column":114}},"94":{"start":{"line":155,"column":8},"end":{"line":155,"column":62}},"95":{"start":{"line":159,"column":8},"end":{"line":159,"column":59}},"96":{"start":{"line":163,"column":8},"end":{"line":163,"column":59}},"97":{"start":{"line":167,"column":8},"end":{"line":167,"column":26}},"98":{"start":{"line":168,"column":8},"end":{"line":168,"column":26}},"99":{"start":{"line":172,"column":25},"end":{"line":177,"column":9}},"100":{"start":{"line":179,"column":20},"end":{"line":179,"column":66}},"101":{"start":{"line":180,"column":8},"end":{"line":180,"column":79}},"102":{"start":{"line":184,"column":22},"end":{"line":189,"column":9}},"103":{"start":{"line":191,"column":8},"end":{"line":191,"column":45}},"104":{"start":{"line":195,"column":8},"end":{"line":195,"column":83}},"105":{"start":{"line":199,"column":8},"end":{"line":199,"column":63}},"106":{"start":{"line":203,"column":0},"end":{"line":203,"column":63}}},"fnMap":{"0":{"name":"(anonymous_0)","decl":{"start":{"line":2,"column":4},"end":{"line":2,"column":5}},"loc":{"start":{"line":2,"column":18},"end":{"line":11,"column":5}},"line":2},"1":{"name":"(anonymous_1)","decl":{"start":{"line":13,"column":4},"end":{"line":13,"column":5}},"loc":{"start":{"line":13,"column":36},"end":{"line":15,"column":5}},"line":13},"2":{"name":"(anonymous_2)","decl":{"start":{"line":17,"column":4},"end":{"line":17,"column":5}},"loc":{"start":{"line":17,"column":55},"end":{"line":25,"column":5}},"line":17},"3":{"name":"(anonymous_3)","decl":{"start":{"line":26,"column":4},"end":{"line":26,"column":5}},"loc":{"start":{"line":26,"column":24},"end":{"line":32,"column":5}},"line":26},"4":{"name":"(anonymous_4)","decl":{"start":{"line":28,"column":40},"end":{"line":28,"column":41}},"loc":{"start":{"line":28,"column":46},"end":{"line":31,"column":9}},"line":28},"5":{"name":"(anonymous_5)","decl":{"start":{"line":35,"column":4},"end":{"line":35,"column":5}},"loc":{"start":{"line":35,"column":27},"end":{"line":38,"column":5}},"line":35},"6":{"name":"(anonymous_6)","decl":{"start":{"line":40,"column":4},"end":{"line":40,"column":5}},"loc":{"start":{"line":40,"column":25},"end":{"line":45,"column":5}},"line":40},"7":{"name":"(anonymous_7)","decl":{"start":{"line":47,"column":4},"end":{"line":47,"column":5}},"loc":{"start":{"line":47,"column":16},"end":{"line":55,"column":5}},"line":47},"8":{"name":"(anonymous_8)","decl":{"start":{"line":49,"column":18},"end":{"line":49,"column":19}},"loc":{"start":{"line":49,"column":30},"end":{"line":49,"column":45}},"line":49},"9":{"name":"(anonymous_9)","decl":{"start":{"line":50,"column":18},"end":{"line":50,"column":19}},"loc":{"start":{"line":50,"column":25},"end":{"line":54,"column":13}},"line":50},"10":{"name":"(anonymous_10)","decl":{"start":{"line":56,"column":4},"end":{"line":56,"column":5}},"loc":{"start":{"line":56,"column":24},"end":{"line":66,"column":5}},"line":56},"11":{"name":"(anonymous_11)","decl":{"start":{"line":60,"column":46},"end":{"line":60,"column":47}},"loc":{"start":{"line":60,"column":52},"end":{"line":60,"column":71}},"line":60},"12":{"name":"(anonymous_12)","decl":{"start":{"line":61,"column":47},"end":{"line":61,"column":48}},"loc":{"start":{"line":61,"column":53},"end":{"line":61,"column":72}},"line":61},"13":{"name":"(anonymous_13)","decl":{"start":{"line":62,"column":43},"end":{"line":62,"column":44}},"loc":{"start":{"line":62,"column":49},"end":{"line":62,"column":66}},"line":62},"14":{"name":"(anonymous_14)","decl":{"start":{"line":63,"column":44},"end":{"line":63,"column":45}},"loc":{"start":{"line":63,"column":50},"end":{"line":63,"column":68}},"line":63},"15":{"name":"(anonymous_15)","decl":{"start":{"line":64,"column":44},"end":{"line":64,"column":45}},"loc":{"start":{"line":64,"column":50},"end":{"line":64,"column":67}},"line":64},"16":{"name":"(anonymous_16)","decl":{"start":{"line":65,"column":42},"end":{"line":65,"column":43}},"loc":{"start":{"line":65,"column":48},"end":{"line":65,"column":66}},"line":65},"17":{"name":"(anonymous_17)","decl":{"start":{"line":68,"column":4},"end":{"line":68,"column":5}},"loc":{"start":{"line":68,"column":27},"end":{"line":78,"column":5}},"line":68},"18":{"name":"(anonymous_18)","decl":{"start":{"line":81,"column":4},"end":{"line":81,"column":5}},"loc":{"start":{"line":81,"column":27},"end":{"line":116,"column":5}},"line":81},"19":{"name":"prng","decl":{"start":{"line":89,"column":17},"end":{"line":89,"column":21}},"loc":{"start":{"line":89,"column":28},"end":{"line":95,"column":9}},"line":89},"20":{"name":"(anonymous_20)","decl":{"start":{"line":91,"column":19},"end":{"line":91,"column":20}},"loc":{"start":{"line":91,"column":31},"end":{"line":94,"column":13}},"line":91},"21":{"name":"generateNoise","decl":{"start":{"line":97,"column":17},"end":{"line":97,"column":30}},"loc":{"start":{"line":97,"column":57},"end":{"line":111,"column":9}},"line":97},"22":{"name":"(anonymous_22)","decl":{"start":{"line":118,"column":4},"end":{"line":118,"column":5}},"loc":{"start":{"line":118,"column":17},"end":{"line":124,"column":5}},"line":118},"23":{"name":"(anonymous_23)","decl":{"start":{"line":122,"column":36},"end":{"line":122,"column":37}},"loc":{"start":{"line":122,"column":42},"end":{"line":122,"column":61}},"line":122},"24":{"name":"(anonymous_24)","decl":{"start":{"line":126,"column":4},"end":{"line":126,"column":5}},"loc":{"start":{"line":126,"column":17},"end":{"line":131,"column":5}},"line":126},"25":{"name":"(anonymous_25)","decl":{"start":{"line":133,"column":4},"end":{"line":133,"column":5}},"loc":{"start":{"line":133,"column":17},"end":{"line":138,"column":5}},"line":133},"26":{"name":"(anonymous_26)","decl":{"start":{"line":140,"column":4},"end":{"line":140,"column":5}},"loc":{"start":{"line":140,"column":18},"end":{"line":145,"column":5}},"line":140},"27":{"name":"(anonymous_27)","decl":{"start":{"line":147,"column":4},"end":{"line":147,"column":5}},"loc":{"start":{"line":147,"column":19},"end":{"line":150,"column":5}},"line":147},"28":{"name":"(anonymous_28)","decl":{"start":{"line":152,"column":4},"end":{"line":152,"column":5}},"loc":{"start":{"line":152,"column":19},"end":{"line":156,"column":5}},"line":152},"29":{"name":"(anonymous_29)","decl":{"start":{"line":158,"column":4},"end":{"line":158,"column":5}},"loc":{"start":{"line":158,"column":18},"end":{"line":160,"column":5}},"line":158},"30":{"name":"(anonymous_30)","decl":{"start":{"line":162,"column":4},"end":{"line":162,"column":5}},"loc":{"start":{"line":162,"column":17},"end":{"line":164,"column":5}},"line":162},"31":{"name":"(anonymous_31)","decl":{"start":{"line":166,"column":4},"end":{"line":166,"column":5}},"loc":{"start":{"line":166,"column":21},"end":{"line":169,"column":5}},"line":166},"32":{"name":"(anonymous_32)","decl":{"start":{"line":171,"column":4},"end":{"line":171,"column":5}},"loc":{"start":{"line":171,"column":21},"end":{"line":181,"column":5}},"line":171},"33":{"name":"(anonymous_33)","decl":{"start":{"line":183,"column":4},"end":{"line":183,"column":5}},"loc":{"start":{"line":183,"column":32},"end":{"line":192,"column":5}},"line":183},"34":{"name":"(anonymous_34)","decl":{"start":{"line":194,"column":4},"end":{"line":194,"column":5}},"loc":{"start":{"line":194,"column":24},"end":{"line":196,"column":5}},"line":194},"35":{"name":"(anonymous_35)","decl":{"start":{"line":198,"column":4},"end":{"line":198,"column":5}},"loc":{"start":{"line":198,"column":19},"end":{"line":200,"column":5}},"line":198}},"branchMap":{"0":{"loc":{"start":{"line":18,"column":8},"end":{"line":24,"column":9}},"type":"if","locations":[{"start":{"line":18,"column":8},"end":{"line":24,"column":9}},{"start":{"line":20,"column":15},"end":{"line":24,"column":9}}],"line":18},"1":{"loc":{"start":{"line":20,"column":15},"end":{"line":24,"column":9}},"type":"if","locations":[{"start":{"line":20,"column":15},"end":{"line":24,"column":9}},{"start":{"line":22,"column":15},"end":{"line":24,"column":9}}],"line":20},"2":{"loc":{"start":{"line":22,"column":15},"end":{"line":24,"column":9}},"type":"if","locations":[{"start":{"line":22,"column":15},"end":{"line":24,"column":9}},{"start":{},"end":{}}],"line":22},"3":{"loc":{"start":{"line":119,"column":8},"end":{"line":123,"column":9}},"type":"if","locations":[{"start":{"line":119,"column":8},"end":{"line":123,"column":9}},{"start":{},"end":{}}],"line":119},"4":{"loc":{"start":{"line":127,"column":8},"end":{"line":130,"column":9}},"type":"if","locations":[{"start":{"line":127,"column":8},"end":{"line":130,"column":9}},{"start":{},"end":{}}],"line":127},"5":{"loc":{"start":{"line":134,"column":8},"end":{"line":137,"column":9}},"type":"if","locations":[{"start":{"line":134,"column":8},"end":{"line":137,"column":9}},{"start":{},"end":{}}],"line":134},"6":{"loc":{"start":{"line":134,"column":12},"end":{"line":134,"column":48}},"type":"binary-expr","locations":[{"start":{"line":134,"column":12},"end":{"line":134,"column":30}},{"start":{"line":134,"column":34},"end":{"line":134,"column":48}}],"line":134},"7":{"loc":{"start":{"line":141,"column":8},"end":{"line":144,"column":9}},"type":"if","locations":[{"start":{"line":141,"column":8},"end":{"line":144,"column":9}},{"start":{},"end":{}}],"line":141},"8":{"loc":{"start":{"line":141,"column":12},"end":{"line":141,"column":47}},"type":"binary-expr","locations":[{"start":{"line":141,"column":12},"end":{"line":141,"column":30}},{"start":{"line":141,"column":34},"end":{"line":141,"column":47}}],"line":141},"9":{"loc":{"start":{"line":154,"column":66},"end":{"line":154,"column":113}},"type":"cond-expr","locations":[{"start":{"line":154,"column":84},"end":{"line":154,"column":98}},{"start":{"line":154,"column":101},"end":{"line":154,"column":113}}],"line":154},"10":{"loc":{"start":{"line":155,"column":28},"end":{"line":155,"column":61}},"type":"cond-expr","locations":[{"start":{"line":155,"column":46},"end":{"line":155,"column":52}},{"start":{"line":155,"column":55},"end":{"line":155,"column":61}}],"line":155},"11":{"loc":{"start":{"line":179,"column":20},"end":{"line":179,"column":66}},"type":"binary-expr","locations":[{"start":{"line":179,"column":20},"end":{"line":179,"column":56}},{"start":{"line":179,"column":60},"end":{"line":179,"column":66}}],"line":179},"12":{"loc":{"start":{"line":180,"column":37},"end":{"line":180,"column":77}},"type":"binary-expr","locations":[{"start":{"line":180,"column":37},"end":{"line":180,"column":72}},{"start":{"line":180,"column":76},"end":{"line":180,"column":77}}],"line":180},"13":{"loc":{"start":{"line":199,"column":15},"end":{"line":199,"column":62}},"type":"binary-expr","locations":[{"start":{"line":199,"column":15},"end":{"line":199,"column":54}},{"start":{"line":199,"column":58},"end":{"line":199,"column":62}}],"line":199}},"s":{"0":0,"1":0,"2":0,"3":0,"4":0,"5":0,"6":0,"7":0,"8":0,"9":0,"10":0,"11":0,"12":0,"13":0,"14":0,"15":0,"16":0,"17":0,"18":0,"19":0,"20":0,"21":0,"22":0,"23":0,"24":0,"25":0,"26":0,"27":0,"28":0,"29":0,"30":0,"31":0,"32":0,"33":0,"34":0,"35":0,"36":0,"37":0,"38":0,"39":0,"40":0,"41":0,"42":0,"43":0,"44":0,"45":0,"46":0,"47":0,"48":0,"49":0,"50":0,"51":0,"52":0,"53":0,"54":0,"55":0,"56":0,"57":0,"58":0,"59":0,"60":0,"61":0,"62":0,"63":0,"64":0,"65":0,"66":0,"67":0,"68":0,"69":0,"70":0,"71":0,"72":0,"73":0,"74":0,"75":0,"76":0,"77":0,"78":0,"79":0,"80":0,"81":0,"82":0,"83":0,"84":0,"85":0,"86":0,"87":0,"88":0,"89":0,"90":0,"91":0,"92":0,"93":0,"94":0,"95":0,"96":0,"97":0,"98":0,"99":0,"100":0,"101":0,"102":0,"103":0,"104":0,"105":0,"106":0},"f":{"0":0,"1":0,"2":0,"3":0,"4":0,"5":0,"6":0,"7":0,"8":0,"9":0,"10":0,"11":0,"12":0,"13":0,"14":0,"15":0,"16":0,"17":0,"18":0,"19":0,"20":0,"21":0,"22":0,"23":0,"24":0,"25":0,"26":0,"27":0,"28":0,"29":0,"30":0,"31":0,"32":0,"33":0,"34":0,"35":0},"b":{"0":[0,0],"1":[0,0],"2":[0,0],"3":[0,0],"4":[0,0],"5":[0,0],"6":[0,0],"7":[0,0],"8":[0,0],"9":[0,0],"10":[0,0],"11":[0,0],"12":[0,0],"13":[0,0]}}
}
