TN:
SF:src\NoisyModal\NoisyModal.jsx
FNF:0
FNH:0
LF:0
LH:0
BRF:0
BRH:0
end_of_record
TN:
SF:src\NoisyModal\index.js
FNF:0
FNH:0
LF:0
LH:0
BRF:0
BRH:0
end_of_record
TN:
SF:src\NoisyNotification\NoisyNotification.jsx
FN:3,(anonymous_0)
FN:14,(anonymous_1)
FN:18,(anonymous_2)
FN:28,(anonymous_3)
FN:30,(anonymous_4)
FN:36,(anonymous_5)
FN:41,(anonymous_6)
FN:48,(anonymous_7)
FN:50,(anonymous_8)
FN:51,(anonymous_9)
FN:58,(anonymous_10)
FN:62,(anonymous_11)
FN:63,(anonymous_12)
FN:64,(anonymous_13)
FN:65,(anonymous_14)
FN:66,(anonymous_15)
FN:67,(anonymous_16)
FN:70,(anonymous_17)
FN:82,(anonymous_18)
FN:90,prng
FN:92,(anonymous_20)
FN:98,generateNoise
FN:119,(anonymous_22)
FN:123,(anonymous_23)
FN:127,(anonymous_24)
FN:134,(anonymous_25)
FN:141,(anonymous_26)
FN:148,(anonymous_27)
FN:154,(anonymous_28)
FN:160,(anonymous_29)
FN:164,(anonymous_30)
FN:168,(anonymous_31)
FN:173,(anonymous_32)
FN:185,(anonymous_33)
FN:196,(anonymous_34)
FN:200,(anonymous_35)
FNF:36
FNH:0
FNDA:0,(anonymous_0)
FNDA:0,(anonymous_1)
FNDA:0,(anonymous_2)
FNDA:0,(anonymous_3)
FNDA:0,(anonymous_4)
FNDA:0,(anonymous_5)
FNDA:0,(anonymous_6)
FNDA:0,(anonymous_7)
FNDA:0,(anonymous_8)
FNDA:0,(anonymous_9)
FNDA:0,(anonymous_10)
FNDA:0,(anonymous_11)
FNDA:0,(anonymous_12)
FNDA:0,(anonymous_13)
FNDA:0,(anonymous_14)
FNDA:0,(anonymous_15)
FNDA:0,(anonymous_16)
FNDA:0,(anonymous_17)
FNDA:0,(anonymous_18)
FNDA:0,prng
FNDA:0,(anonymous_20)
FNDA:0,generateNoise
FNDA:0,(anonymous_22)
FNDA:0,(anonymous_23)
FNDA:0,(anonymous_24)
FNDA:0,(anonymous_25)
FNDA:0,(anonymous_26)
FNDA:0,(anonymous_27)
FNDA:0,(anonymous_28)
FNDA:0,(anonymous_29)
FNDA:0,(anonymous_30)
FNDA:0,(anonymous_31)
FNDA:0,(anonymous_32)
FNDA:0,(anonymous_33)
FNDA:0,(anonymous_34)
FNDA:0,(anonymous_35)
DA:4,0
DA:5,0
DA:6,0
DA:7,0
DA:8,0
DA:9,0
DA:10,0
DA:11,0
DA:15,0
DA:19,0
DA:20,0
DA:21,0
DA:22,0
DA:23,0
DA:24,0
DA:29,0
DA:30,0
DA:31,0
DA:32,0
DA:37,0
DA:38,0
DA:42,0
DA:43,0
DA:44,0
DA:45,0
DA:49,0
DA:50,0
DA:52,0
DA:53,0
DA:54,0
DA:59,0
DA:60,0
DA:62,0
DA:63,0
DA:64,0
DA:65,0
DA:66,0
DA:67,0
DA:71,0
DA:72,0
DA:74,0
DA:75,0
DA:76,0
DA:77,0
DA:78,0
DA:79,0
DA:83,0
DA:84,0
DA:85,0
DA:86,0
DA:87,0
DA:88,0
DA:91,0
DA:92,0
DA:93,0
DA:94,0
DA:99,0
DA:100,0
DA:101,0
DA:103,0
DA:104,0
DA:105,0
DA:106,0
DA:107,0
DA:108,0
DA:111,0
DA:114,0
DA:115,0
DA:116,0
DA:120,0
DA:121,0
DA:122,0
DA:123,0
DA:128,0
DA:129,0
DA:130,0
DA:135,0
DA:136,0
DA:137,0
DA:142,0
DA:143,0
DA:144,0
DA:149,0
DA:150,0
DA:151,0
DA:155,0
DA:156,0
DA:157,0
DA:161,0
DA:165,0
DA:169,0
DA:170,0
DA:174,0
DA:181,0
DA:182,0
DA:186,0
DA:193,0
DA:197,0
DA:201,0
DA:205,0
DA:207,0
LF:101
LH:0
BRDA:19,0,0,0
BRDA:19,0,1,0
BRDA:21,1,0,0
BRDA:21,1,1,0
BRDA:23,2,0,0
BRDA:23,2,1,0
BRDA:120,3,0,0
BRDA:120,3,1,0
BRDA:128,4,0,0
BRDA:128,4,1,0
BRDA:135,5,0,0
BRDA:135,5,1,0
BRDA:135,6,0,0
BRDA:135,6,1,0
BRDA:142,7,0,0
BRDA:142,7,1,0
BRDA:142,8,0,0
BRDA:142,8,1,0
BRDA:156,9,0,0
BRDA:156,9,1,0
BRDA:157,10,0,0
BRDA:157,10,1,0
BRDA:181,11,0,0
BRDA:181,11,1,0
BRDA:182,12,0,0
BRDA:182,12,1,0
BRDA:201,13,0,0
BRDA:201,13,1,0
BRF:28
BRH:0
end_of_record
TN:
SF:src\NoisyNotification\index.js
FNF:0
FNH:0
DA:1,0
LF:1
LH:0
BRF:0
BRH:0
end_of_record
